<?xml version="1.0" encoding="UTF-8"?>
<testsuite xmlns:xsi="http://www.w3.org/2001/XMLSchema-instance" xsi:noNamespaceSchemaLocation="https://maven.apache.org/surefire/maven-surefire-plugin/xsd/surefire-test-report.xsd" name="TestAccounts" time="23.192" tests="3" errors="0" skipped="0" failures="0">
  <properties>
[...]
</properties>
  <testcase name="testLogOutFromAccount" classname="TestAccounts" time="11.966"/>
  <testcase name="testclickLinkToMainPageFromConstructorFromAccountPage" classname="TestAccounts" time="5.631"/>
  <testcase name="testLinkToMainPageFromLogoImageFromAccountPage" classname="TestAccounts" time="5.425"/>
</testsuite>